<?xml version="1.0" encoding="UTF-8"?>
<testng-results ignored="0" total="1" passed="1" failed="0" skipped="0">
  <reporter-output>
  </reporter-output>
  <suite started-at="2021-04-20T18:04:16 CEST" name="seleniumTest" finished-at="2021-04-20T18:04:16 CEST" duration-ms="32">
    <groups>
    </groups>
    <test started-at="2021-04-20T18:04:16 CEST" name="Command line test" finished-at="2021-04-20T18:04:16 CEST" duration-ms="32">
      <class name="seleniumTest">
        <test-method signature="sampleTest()[pri:0, instance:seleniumTest@cb51256]" started-at="2021-04-20T18:04:16 CEST" name="sampleTest" finished-at="2021-04-20T18:04:16 CEST" duration-ms="3" status="PASS">
          <reporter-output>
          </reporter-output>
        </test-method> <!-- sampleTest -->
      </class> <!-- seleniumTest -->
    </test> <!-- Command line test -->
  </suite> <!-- seleniumTest -->
</testng-results>
